
2023-09-30T11:29:23: Socket creado.
2023-09-30T11:29:23: Socket vinculado, puerto:34835.
2023-09-30T11:29:23: Esperando conexiones.
2023-09-30T11:29:54: Conexion aceptada, ip:16777343.
2023-09-30T11:29:54: Mensaje mandado
2023-09-30T11:29:56: Mensaje recibido.
2023-09-30T11:29:56: Mensaje mandado
2023-09-30T11:30:07: Mensaje recibido.
2023-09-30T11:30:07: Inicio de sesion fallido:contrasenia incorrecta.
2023-09-30T11:30:07: Mensaje mandado
2023-09-30T11:34:01: Mensaje recibido.
2023-09-30T11:34:01: Mensaje mandado
2023-09-30T11:34:06: Mensaje recibido.
2023-09-30T11:34:06: inicio de sesion:admin.
2023-09-30T11:34:06: Mensaje mandado
2023-09-30T11:34:06: Mensaje mandado
2023-09-30T11:34:06: Mensaje mandado
2023-09-30T11:34:06: Mensaje mandado
2023-09-30T11:34:06: Mensaje mandado
2023-09-30T11:34:06: Mensaje mandado
2023-09-30T11:34:06: Mensaje mandado
2023-09-30T11:34:06: Mensaje mandado
2023-09-30T11:34:09: Mensaje recibido.
2023-09-30T11:34:09: Mensaje mandado
2023-09-30T11:34:09: Socket cerrado.
2023-09-30T11:34:22: Socket creado.
2023-09-30T11:34:22: Error al Vincular socket.
2023-09-30T11:34:22: Socket cerrado.
2023-09-30T11:34:57: Socket creado.
2023-09-30T11:34:57: Socket vinculado, puerto:36115.
2023-09-30T11:34:57: Esperando conexiones.
2023-09-30T11:35:02: Conexion aceptada, ip:16777343.
2023-09-30T11:35:02: Mensaje mandado
2023-09-30T11:35:03: Mensaje recibido.
2023-09-30T11:35:03: Mensaje mandado
2023-09-30T11:35:10: Mensaje recibido.
2023-09-30T11:35:10: Inicio de sesion fallido:contrasenia incorrecta.
2023-09-30T11:35:10: Mensaje mandado